Using pre-set license
Built from '2021.1/release' branch; Version is '2021.1.4f1 (4cd64a618c1b) revision 5035594'; Using compiler version '192528614'; Build Type 'Release'
OS: 'Windows 10 Pro; OS build 19041.928; Version 2004; 64bit' Language: 'it' Physical Memory: 65482 MB
BatchMode: 1, IsHumanControllingUs: 0, StartBugReporterOnCrash: 0, Is64bit: 1, IsPro: 0

 COMMAND LINE ARGUMENTS:
C:\Program Files\Unity\2021.1.4f1\Editor\Unity.exe
-adb2
-batchMode
-noUpm
-name
AssetImportWorker0
-projectPath
C:/Users/Pierdamiano/Documents/GitHub/psidd-blinders/The Core Destroyer
-logFile
Logs/AssetImportWorker0.log
-srvPort
52141
Successfully changed project path to: C:/Users/Pierdamiano/Documents/GitHub/psidd-blinders/The Core Destroyer
C:/Users/Pierdamiano/Documents/GitHub/psidd-blinders/The Core Destroyer
Using Asset Import Pipeline V2.
Refreshing native plugins compatible for Editor in 53.58 ms, found 0 plugins.
Preloading 0 native plugins for Editor in 0.00 ms.
Initialize engine version: 2021.1.4f1 (4cd64a618c1b)
[Subsystems] Discovering subsystems at path C:/Program Files/Unity/2021.1.4f1/Editor/Data/Resources/UnitySubsystems
[Subsystems] Discovering subsystems at path C:/Users/Pierdamiano/Documents/GitHub/psidd-blinders/The Core Destroyer/Assets
GfxDevice: creating device client; threaded=0; jobified=0
Direct3D:
    Version:  Direct3D 11.0 [level 11.1]
    Renderer: AMD Radeon VII (ID=0x66af)
    Vendor:   ATI
    VRAM:     16311 MB
    Driver:   27.20.14533.1000
Shader 'Universal Render Pipeline/Particles/Lit': fallback shader 'Universal Render Pipeline/Particles/SimpleLit' not found
Initialize mono
Mono path[0] = 'C:/Program Files/Unity/2021.1.4f1/Editor/Data/Managed'
Mono path[1] = 'C:/Program Files/Unity/2021.1.4f1/Editor/Data/MonoBleedingEdge/lib/mono/unityjit'
Mono config path = 'C:/Program Files/Unity/2021.1.4f1/Editor/Data/MonoBleedingEdge/etc'
Using monoOptions --debugger-agent=transport=dt_socket,embedding=1,server=y,suspend=n,address=127.0.0.1:56412
Begin MonoManager ReloadAssembly
Registering precompiled unity dll's ...
Register platform support module: C:/Program Files/Unity/2021.1.4f1/Editor/Data/PlaybackEngines/WindowsStandaloneSupport/UnityEditor.WindowsStandalone.Extensions.dll
Registered in 0.001405 seconds.
Native extension for WindowsStandalone target not found
Refreshing native plugins compatible for Editor in 56.85 ms, found 0 plugins.
Preloading 0 native plugins for Editor in 0.00 ms.
Mono: successfully reloaded assembly
- Completed reload, in  0.876 seconds
Platform modules already initialized, skipping
Registering precompiled user dll's ...
Registered in 0.000935 seconds.
Begin MonoManager ReloadAssembly
Native extension for WindowsStandalone target not found
Refreshing native plugins compatible for Editor in 57.33 ms, found 0 plugins.
Preloading 0 native plugins for Editor in 0.00 ms.
Mono: successfully reloaded assembly
- Completed reload, in  0.880 seconds
Platform modules already initialized, skipping
========================================================================
Worker process is ready to serve import requests
Shader 'Universal Render Pipeline/Particles/Lit': fallback shader 'Universal Render Pipeline/Particles/SimpleLit' not found
Launched and connected shader compiler UnityShaderCompiler.exe after 0.04 seconds
Refreshing native plugins compatible for Editor in 0.60 ms, found 0 plugins.
Preloading 0 native plugins for Editor in 0.00 ms.
Unloading 3125 Unused Serialized files (Serialized files now loaded: 0)
System memory in use before: 149.2 MB.
System memory in use after: 149.4 MB.

Unloading 16 unused Assets to reduce memory usage. Loaded Objects now: 3587.
Total: 2.493500 ms (FindLiveObjects: 0.253000 ms CreateObjectMapping: 0.077600 ms MarkObjects: 2.100000 ms  DeleteObjects: 0.062000 ms)

========================================================================
Received Import Request.
  path: Assets/Art/0x72_DungeonTilesetII_v1.3.1/0x72_DungeonTilesetII_v1.3.png
  artifactKey: Guid(d27c9909a5b3fd9499a279acc8f25a05) Importer(815301076,1909f56bfc062723c751e8b465ee728b)
Start importing Assets/Art/0x72_DungeonTilesetII_v1.3.1/0x72_DungeonTilesetII_v1.3.png using Guid(d27c9909a5b3fd9499a279acc8f25a05) Importer(815301076,1909f56bfc062723c751e8b465ee728b)  -> (artifact id: '0b2ff4ef7df28fe10ed9ddf0d128780d') in 0.490463 seconds 
========================================================================
Received Prepare
Registering precompiled user dll's ...
Registered in 0.001047 seconds.
Begin MonoManager ReloadAssembly
Native extension for WindowsStandalone target not found
Refreshing native plugins compatible for Editor in 0.61 ms, found 0 plugins.
Preloading 0 native plugins for Editor in 0.00 ms.
Mono: successfully reloaded assembly
- Completed reload, in  0.801 seconds
Platform modules already initialized, skipping
Shader 'Universal Render Pipeline/Particles/Lit': fallback shader 'Universal Render Pipeline/Particles/SimpleLit' not found
Refreshing native plugins compatible for Editor in 0.60 ms, found 0 plugins.
Preloading 0 native plugins for Editor in 0.00 ms.
Unloading 2973 Unused Serialized files (Serialized files now loaded: 0)
System memory in use before: 143.9 MB.
System memory in use after: 144.1 MB.

Unloading 6 unused Assets to reduce memory usage. Loaded Objects now: 3612.
Total: 2.275300 ms (FindLiveObjects: 0.237000 ms CreateObjectMapping: 0.076400 ms MarkObjects: 1.951300 ms  DeleteObjects: 0.010100 ms)

========================================================================
Received Import Request.
  Time since last request: 500.543800 seconds.
  path: Assets/Art/Inventory/test atlas.spriteatlas
  artifactKey: Guid(0509d1bae1909a444b83cd617715d875) Importer(815301076,1909f56bfc062723c751e8b465ee728b)
Start importing Assets/Art/Inventory/test atlas.spriteatlas using Guid(0509d1bae1909a444b83cd617715d875) Importer(815301076,1909f56bfc062723c751e8b465ee728b)  -> (artifact id: '3f03a08096dc35a79e7cd97ffbfd476a') in 0.013781 seconds 
========================================================================
Received Import Request.
  Time since last request: 30.816167 seconds.
  path: Assets/Art/Palettes/0x72 Dungeon Tileset.prefab
  artifactKey: Guid(aa55aa7fa5c3e3c4cbd1ae9803e3b9d8) Importer(815301076,1909f56bfc062723c751e8b465ee728b)
Start importing Assets/Art/Palettes/0x72 Dungeon Tileset.prefab using Guid(aa55aa7fa5c3e3c4cbd1ae9803e3b9d8) Importer(815301076,1909f56bfc062723c751e8b465ee728b)  -> (artifact id: '29a59d40b45b819d827950d0842ace29') in 0.013573 seconds 
========================================================================
Received Import Request.
  Time since last request: 0.000123 seconds.
  path: Assets/Art/Tiles/0x72_DungeonTilesetII_v1.3_40.asset
  artifactKey: Guid(627cf7af0907a4a4bb539f89cdd3f10a) Importer(815301076,1909f56bfc062723c751e8b465ee728b)
Start importing Assets/Art/Tiles/0x72_DungeonTilesetII_v1.3_40.asset using Guid(627cf7af0907a4a4bb539f89cdd3f10a) Importer(815301076,1909f56bfc062723c751e8b465ee728b)  -> (artifact id: '0a15a797628bb17725366191eb6fe9f3') in 0.017687 seconds 
========================================================================
Received Import Request.
  Time since last request: 0.000118 seconds.
  path: Assets/Art/Tiles/0x72_DungeonTilesetII_v1.3_21.asset
  artifactKey: Guid(080fe4f1a8e24f345a11803c08151d26) Importer(815301076,1909f56bfc062723c751e8b465ee728b)
Start importing Assets/Art/Tiles/0x72_DungeonTilesetII_v1.3_21.asset using Guid(080fe4f1a8e24f345a11803c08151d26) Importer(815301076,1909f56bfc062723c751e8b465ee728b)  -> (artifact id: 'f35807d010079b21a6b8387b9f41cc72') in 0.003669 seconds 
========================================================================
Received Import Request.
  Time since last request: 0.000107 seconds.
  path: Assets/Art/Tiles/0x72_DungeonTilesetII_v1.3_13.asset
  artifactKey: Guid(4e2da06261e0f3248aa172605ed542c7) Importer(815301076,1909f56bfc062723c751e8b465ee728b)
Start importing Assets/Art/Tiles/0x72_DungeonTilesetII_v1.3_13.asset using Guid(4e2da06261e0f3248aa172605ed542c7) Importer(815301076,1909f56bfc062723c751e8b465ee728b)  -> (artifact id: '7c1048dbf9d23688818711b6ceb653cd') in 0.003563 seconds 
========================================================================
Received Import Request.
  Time since last request: 0.000109 seconds.
  path: Assets/Art/Tiles/0x72_DungeonTilesetII_v1.3_10.asset
  artifactKey: Guid(50c1e50ff1bf8ea4795aa0e724bb774b) Importer(815301076,1909f56bfc062723c751e8b465ee728b)
Start importing Assets/Art/Tiles/0x72_DungeonTilesetII_v1.3_10.asset using Guid(50c1e50ff1bf8ea4795aa0e724bb774b) Importer(815301076,1909f56bfc062723c751e8b465ee728b)  -> (artifact id: '08688a2a9c2d7304eef96afb28f57678') in 0.003779 seconds 
========================================================================
Received Import Request.
  Time since last request: 0.000116 seconds.
  path: Assets/Art/Tiles/0x72_DungeonTilesetII_v1.3_30.asset
  artifactKey: Guid(0ce0fe3aebda0cc48a2dc97b2d139839) Importer(815301076,1909f56bfc062723c751e8b465ee728b)
Start importing Assets/Art/Tiles/0x72_DungeonTilesetII_v1.3_30.asset using Guid(0ce0fe3aebda0cc48a2dc97b2d139839) Importer(815301076,1909f56bfc062723c751e8b465ee728b)  -> (artifact id: '805389fd12c2b30e2c0294e31c153b64') in 0.003645 seconds 
========================================================================
Received Import Request.
  Time since last request: 0.000113 seconds.
  path: Assets/Art/Tiles/0x72_DungeonTilesetII_v1.3_44.asset
  artifactKey: Guid(abb5f422ed6e0794a890526622820524) Importer(815301076,1909f56bfc062723c751e8b465ee728b)
Start importing Assets/Art/Tiles/0x72_DungeonTilesetII_v1.3_44.asset using Guid(abb5f422ed6e0794a890526622820524) Importer(815301076,1909f56bfc062723c751e8b465ee728b)  -> (artifact id: 'f7a8917c3948b2adb1a109fafca72f2c') in 0.003642 seconds 
========================================================================
Received Import Request.
  Time since last request: 0.000099 seconds.
  path: Assets/Art/Tiles/0x72_DungeonTilesetII_v1.3_9.asset
  artifactKey: Guid(d0d3ec03b2add7d429993f7677c6fb2e) Importer(815301076,1909f56bfc062723c751e8b465ee728b)
Start importing Assets/Art/Tiles/0x72_DungeonTilesetII_v1.3_9.asset using Guid(d0d3ec03b2add7d429993f7677c6fb2e) Importer(815301076,1909f56bfc062723c751e8b465ee728b)  -> (artifact id: '1556925bca3f89e1f7cb8b98476dc428') in 0.003799 seconds 
========================================================================
Received Import Request.
  Time since last request: 0.000106 seconds.
  path: Assets/Art/Tiles/0x72_DungeonTilesetII_v1.3_14.asset
  artifactKey: Guid(796df8ff06a35d747bd8ff863a6404a8) Importer(815301076,1909f56bfc062723c751e8b465ee728b)
Start importing Assets/Art/Tiles/0x72_DungeonTilesetII_v1.3_14.asset using Guid(796df8ff06a35d747bd8ff863a6404a8) Importer(815301076,1909f56bfc062723c751e8b465ee728b)  -> (artifact id: '86c5e3529afc710eb1cbd00643dbaaf1') in 0.003760 seconds 
========================================================================
Received Import Request.
  Time since last request: 0.000121 seconds.
  path: Assets/Art/Tiles/0x72_DungeonTilesetII_v1.3_0.asset
  artifactKey: Guid(06c783c80905bb441ac7e7ba19dffd16) Importer(815301076,1909f56bfc062723c751e8b465ee728b)
Start importing Assets/Art/Tiles/0x72_DungeonTilesetII_v1.3_0.asset using Guid(06c783c80905bb441ac7e7ba19dffd16) Importer(815301076,1909f56bfc062723c751e8b465ee728b)  -> (artifact id: '4a2dfe21866f4fc400f46499248f7475') in 0.003486 seconds 
========================================================================
Received Import Request.
  Time since last request: 0.000090 seconds.
  path: Assets/Art/Tiles/0x72_DungeonTilesetII_v1.3_23.asset
  artifactKey: Guid(c13df1b2228a90846abd0b4c2a5c9381) Importer(815301076,1909f56bfc062723c751e8b465ee728b)
Start importing Assets/Art/Tiles/0x72_DungeonTilesetII_v1.3_23.asset using Guid(c13df1b2228a90846abd0b4c2a5c9381) Importer(815301076,1909f56bfc062723c751e8b465ee728b)  -> (artifact id: '37bb702a534201831e45ce0e447799eb') in 0.024224 seconds 
========================================================================
Received Import Request.
  Time since last request: 0.000106 seconds.
  path: Assets/Art/Tiles/0x72_DungeonTilesetII_v1.3_20.asset
  artifactKey: Guid(536d017ff350c2c4a9df58ce28841481) Importer(815301076,1909f56bfc062723c751e8b465ee728b)
Start importing Assets/Art/Tiles/0x72_DungeonTilesetII_v1.3_20.asset using Guid(536d017ff350c2c4a9df58ce28841481) Importer(815301076,1909f56bfc062723c751e8b465ee728b)  -> (artifact id: '4e84a2611c546b46fd1ebea01abe9f6e') in 0.003815 seconds 
========================================================================
Received Import Request.
  Time since last request: 0.000123 seconds.
  path: Assets/Art/Tiles/0x72_DungeonTilesetII_v1.3_18.asset
  artifactKey: Guid(d4bab2d867fd49a4c801ed2e38034050) Importer(815301076,1909f56bfc062723c751e8b465ee728b)
Start importing Assets/Art/Tiles/0x72_DungeonTilesetII_v1.3_18.asset using Guid(d4bab2d867fd49a4c801ed2e38034050) Importer(815301076,1909f56bfc062723c751e8b465ee728b)  -> (artifact id: '8dc4938076be564f3fb4e91c59399774') in 0.003546 seconds 
========================================================================
Received Import Request.
  Time since last request: 0.000115 seconds.
  path: Assets/Art/Tiles/0x72_DungeonTilesetII_v1.3_42.asset
  artifactKey: Guid(4d7ed74f294499c409d6b96cbfff29cc) Importer(815301076,1909f56bfc062723c751e8b465ee728b)
Start importing Assets/Art/Tiles/0x72_DungeonTilesetII_v1.3_42.asset using Guid(4d7ed74f294499c409d6b96cbfff29cc) Importer(815301076,1909f56bfc062723c751e8b465ee728b)  -> (artifact id: '7e48c71f6bfa0d7046c0da92e36d846f') in 0.003762 seconds 
========================================================================
Received Import Request.
  Time since last request: 0.000111 seconds.
  path: Assets/Art/Tiles/0x72_DungeonTilesetII_v1.3_16.asset
  artifactKey: Guid(df45a24280bf59944bab8f71be171ec7) Importer(815301076,1909f56bfc062723c751e8b465ee728b)
Start importing Assets/Art/Tiles/0x72_DungeonTilesetII_v1.3_16.asset using Guid(df45a24280bf59944bab8f71be171ec7) Importer(815301076,1909f56bfc062723c751e8b465ee728b)  -> (artifact id: '9aa991dca27969297af33894fb77cdcb') in 0.003652 seconds 
========================================================================
Received Import Request.
  Time since last request: 0.000105 seconds.
  path: Assets/Art/Tiles/0x72_DungeonTilesetII_v1.3_49.asset
  artifactKey: Guid(f77e346a330a3a54a8f4f8d673985193) Importer(815301076,1909f56bfc062723c751e8b465ee728b)
Start importing Assets/Art/Tiles/0x72_DungeonTilesetII_v1.3_49.asset using Guid(f77e346a330a3a54a8f4f8d673985193) Importer(815301076,1909f56bfc062723c751e8b465ee728b)  -> (artifact id: '7404a3ad067720d685f7f533fe6c34a3') in 0.003561 seconds 
========================================================================
Received Import Request.
  Time since last request: 0.000107 seconds.
  path: Assets/Art/Tiles/0x72_DungeonTilesetII_v1.3_39.asset
  artifactKey: Guid(38fe18b4afd8e8848a3594075ed24d81) Importer(815301076,1909f56bfc062723c751e8b465ee728b)
Start importing Assets/Art/Tiles/0x72_DungeonTilesetII_v1.3_39.asset using Guid(38fe18b4afd8e8848a3594075ed24d81) Importer(815301076,1909f56bfc062723c751e8b465ee728b)  -> (artifact id: '890b24ce37cfcbdcba17baf39dc0c26c') in 0.003645 seconds 
========================================================================
Received Import Request.
  Time since last request: 0.000087 seconds.
  path: Assets/Art/Tiles/0x72_DungeonTilesetII_v1.3_22.asset
  artifactKey: Guid(79262241ef46bc54899cfa08b07f9903) Importer(815301076,1909f56bfc062723c751e8b465ee728b)
Start importing Assets/Art/Tiles/0x72_DungeonTilesetII_v1.3_22.asset using Guid(79262241ef46bc54899cfa08b07f9903) Importer(815301076,1909f56bfc062723c751e8b465ee728b)  -> (artifact id: '336836f9d64118aa2e34ff5c4c601c71') in 0.003554 seconds 
========================================================================
Received Import Request.
  Time since last request: 0.000101 seconds.
  path: Assets/Art/Tiles/0x72_DungeonTilesetII_v1.3_15.asset
  artifactKey: Guid(310476efb49b74d4da0583f4424ff1df) Importer(815301076,1909f56bfc062723c751e8b465ee728b)
Start importing Assets/Art/Tiles/0x72_DungeonTilesetII_v1.3_15.asset using Guid(310476efb49b74d4da0583f4424ff1df) Importer(815301076,1909f56bfc062723c751e8b465ee728b)  -> (artifact id: '427d10f25d97a7679b23807069076fc4') in 0.003523 seconds 
========================================================================
Received Import Request.
  Time since last request: 0.000103 seconds.
  path: Assets/Art/Tiles/0x72_DungeonTilesetII_v1.3_17.asset
  artifactKey: Guid(5ab9b07fa10efeb429fd950e67a84003) Importer(815301076,1909f56bfc062723c751e8b465ee728b)
Start importing Assets/Art/Tiles/0x72_DungeonTilesetII_v1.3_17.asset using Guid(5ab9b07fa10efeb429fd950e67a84003) Importer(815301076,1909f56bfc062723c751e8b465ee728b)  -> (artifact id: 'ab3b287d8bdc32a379b2353866ecf87e') in 0.003708 seconds 
========================================================================
Received Import Request.
  Time since last request: 0.000099 seconds.
  path: Assets/Art/Tiles/0x72_DungeonTilesetII_v1.3_5.asset
  artifactKey: Guid(ca9f8cd560d00ca499592673d4904c1a) Importer(815301076,1909f56bfc062723c751e8b465ee728b)
Start importing Assets/Art/Tiles/0x72_DungeonTilesetII_v1.3_5.asset using Guid(ca9f8cd560d00ca499592673d4904c1a) Importer(815301076,1909f56bfc062723c751e8b465ee728b)  -> (artifact id: '3e436874c0b3aabaf53cd63f84ea5479') in 0.003804 seconds 
========================================================================
Received Import Request.
  Time since last request: 0.000148 seconds.
  path: Assets/Art/Tiles/0x72_DungeonTilesetII_v1.3_37.asset
  artifactKey: Guid(71b3d6654c8b08f4994bcefc2ce9e1be) Importer(815301076,1909f56bfc062723c751e8b465ee728b)
Start importing Assets/Art/Tiles/0x72_DungeonTilesetII_v1.3_37.asset using Guid(71b3d6654c8b08f4994bcefc2ce9e1be) Importer(815301076,1909f56bfc062723c751e8b465ee728b)  -> (artifact id: '72b651446e8f34255a54da014f0fb6fd') in 0.003552 seconds 
========================================================================
Received Import Request.
  Time since last request: 0.000104 seconds.
  path: Assets/Art/Tiles/0x72_DungeonTilesetII_v1.3_19.asset
  artifactKey: Guid(eb6f1ac82f7be0648b283aaac6f72345) Importer(815301076,1909f56bfc062723c751e8b465ee728b)
Start importing Assets/Art/Tiles/0x72_DungeonTilesetII_v1.3_19.asset using Guid(eb6f1ac82f7be0648b283aaac6f72345) Importer(815301076,1909f56bfc062723c751e8b465ee728b)  -> (artifact id: 'f07bdcf42cbb8ba85c44b62c2e9c4b1f') in 0.003527 seconds 
========================================================================
Received Import Request.
  Time since last request: 0.000099 seconds.
  path: Assets/Art/Tiles/0x72_DungeonTilesetII_v1.3_50.asset
  artifactKey: Guid(83803be63931ce24db71657d4c564212) Importer(815301076,1909f56bfc062723c751e8b465ee728b)
Start importing Assets/Art/Tiles/0x72_DungeonTilesetII_v1.3_50.asset using Guid(83803be63931ce24db71657d4c564212) Importer(815301076,1909f56bfc062723c751e8b465ee728b)  -> (artifact id: '61d4f206df67677a93c3fa3852508a4c') in 0.003428 seconds 
========================================================================
Received Import Request.
  Time since last request: 0.000100 seconds.
  path: Assets/Art/Tiles/0x72_DungeonTilesetII_v1.3_28.asset
  artifactKey: Guid(adfa41c4e831995468ea80e2d72f6bd6) Importer(815301076,1909f56bfc062723c751e8b465ee728b)
Start importing Assets/Art/Tiles/0x72_DungeonTilesetII_v1.3_28.asset using Guid(adfa41c4e831995468ea80e2d72f6bd6) Importer(815301076,1909f56bfc062723c751e8b465ee728b)  -> (artifact id: '180ecc950f05085c513ef965a5384d45') in 0.003584 seconds 
========================================================================
Received Import Request.
  Time since last request: 0.000112 seconds.
  path: Assets/Art/Tiles/0x72_DungeonTilesetII_v1.3_36.asset
  artifactKey: Guid(e4d8f512a96dcb140882a17bc9764014) Importer(815301076,1909f56bfc062723c751e8b465ee728b)
Start importing Assets/Art/Tiles/0x72_DungeonTilesetII_v1.3_36.asset using Guid(e4d8f512a96dcb140882a17bc9764014) Importer(815301076,1909f56bfc062723c751e8b465ee728b)  -> (artifact id: '99a3e39ffaad042496e34775b93f9dea') in 0.003912 seconds 
========================================================================
Received Import Request.
  Time since last request: 0.000115 seconds.
  path: Assets/Art/Tiles/0x72_DungeonTilesetII_v1.3_38.asset
  artifactKey: Guid(7376298545993074d9c56ee21d74073c) Importer(815301076,1909f56bfc062723c751e8b465ee728b)
Start importing Assets/Art/Tiles/0x72_DungeonTilesetII_v1.3_38.asset using Guid(7376298545993074d9c56ee21d74073c) Importer(815301076,1909f56bfc062723c751e8b465ee728b)  -> (artifact id: '58412d680e9f71718dd90542c0d7d7f6') in 0.003751 seconds 
========================================================================
Received Import Request.
  Time since last request: 0.000117 seconds.
  path: Assets/Art/Tiles/0x72_DungeonTilesetII_v1.3_31.asset
  artifactKey: Guid(ab49f525814bc35468ea0e7fc022b6ce) Importer(815301076,1909f56bfc062723c751e8b465ee728b)
Start importing Assets/Art/Tiles/0x72_DungeonTilesetII_v1.3_31.asset using Guid(ab49f525814bc35468ea0e7fc022b6ce) Importer(815301076,1909f56bfc062723c751e8b465ee728b)  -> (artifact id: '621eec8dabb08639cd35d0d3ca7b3c73') in 0.003826 seconds 
========================================================================
Received Import Request.
  Time since last request: 0.000102 seconds.
  path: Assets/Art/Tiles/0x72_DungeonTilesetII_v1.3_3.asset
  artifactKey: Guid(b0d722d076f456240a31c12c197980d5) Importer(815301076,1909f56bfc062723c751e8b465ee728b)
Start importing Assets/Art/Tiles/0x72_DungeonTilesetII_v1.3_3.asset using Guid(b0d722d076f456240a31c12c197980d5) Importer(815301076,1909f56bfc062723c751e8b465ee728b)  -> (artifact id: '286f1b3a988bac445a233cb6c789b002') in 0.003525 seconds 
========================================================================
Received Import Request.
  Time since last request: 0.000106 seconds.
  path: Assets/Art/Tiles/0x72_DungeonTilesetII_v1.3_8.asset
  artifactKey: Guid(77dcb704d77663440a6bab6bfc22aec4) Importer(815301076,1909f56bfc062723c751e8b465ee728b)
Start importing Assets/Art/Tiles/0x72_DungeonTilesetII_v1.3_8.asset using Guid(77dcb704d77663440a6bab6bfc22aec4) Importer(815301076,1909f56bfc062723c751e8b465ee728b)  -> (artifact id: '758d6e4bcd363a4887567e1c660a05f2') in 0.003552 seconds 
========================================================================
Received Import Request.
  Time since last request: 0.000099 seconds.
  path: Assets/Art/Tiles/0x72_DungeonTilesetII_v1.3_48.asset
  artifactKey: Guid(3e53c5fde67c67246b7c4328f838fbb8) Importer(815301076,1909f56bfc062723c751e8b465ee728b)
Start importing Assets/Art/Tiles/0x72_DungeonTilesetII_v1.3_48.asset using Guid(3e53c5fde67c67246b7c4328f838fbb8) Importer(815301076,1909f56bfc062723c751e8b465ee728b)  -> (artifact id: '27d28ce378614e5575ae7886da014616') in 0.003993 seconds 
========================================================================
Received Import Request.
  Time since last request: 0.000122 seconds.
  path: Assets/Art/Tiles/0x72_DungeonTilesetII_v1.3_1.asset
  artifactKey: Guid(1099ec51e99b2d74c816fea99eb6f731) Importer(815301076,1909f56bfc062723c751e8b465ee728b)
Start importing Assets/Art/Tiles/0x72_DungeonTilesetII_v1.3_1.asset using Guid(1099ec51e99b2d74c816fea99eb6f731) Importer(815301076,1909f56bfc062723c751e8b465ee728b)  -> (artifact id: '9c744e533a4509e33227cf01fba736a4') in 0.003624 seconds 
========================================================================
Received Import Request.
  Time since last request: 0.000099 seconds.
  path: Assets/Art/Tiles/0x72_DungeonTilesetII_v1.3_46.asset
  artifactKey: Guid(b965e13ef42e147428709ac843017215) Importer(815301076,1909f56bfc062723c751e8b465ee728b)
Start importing Assets/Art/Tiles/0x72_DungeonTilesetII_v1.3_46.asset using Guid(b965e13ef42e147428709ac843017215) Importer(815301076,1909f56bfc062723c751e8b465ee728b)  -> (artifact id: 'fcd9ee111a90d69b49e5fb857d56e0a3') in 0.003695 seconds 
========================================================================
Received Import Request.
  Time since last request: 0.000105 seconds.
  path: Assets/Art/Tiles/0x72_DungeonTilesetII_v1.3_11.asset
  artifactKey: Guid(ad281f1fbe7b59f4e9b4980580afd33c) Importer(815301076,1909f56bfc062723c751e8b465ee728b)
Start importing Assets/Art/Tiles/0x72_DungeonTilesetII_v1.3_11.asset using Guid(ad281f1fbe7b59f4e9b4980580afd33c) Importer(815301076,1909f56bfc062723c751e8b465ee728b)  -> (artifact id: '52da21c4c536e137ce985596f3e4813b') in 0.003478 seconds 
========================================================================
Received Import Request.
  Time since last request: 0.000095 seconds.
  path: Assets/Art/Tiles/0x72_DungeonTilesetII_v1.3_27.asset
  artifactKey: Guid(12827ac1d122eb742bc7986cb6f58bc6) Importer(815301076,1909f56bfc062723c751e8b465ee728b)
Start importing Assets/Art/Tiles/0x72_DungeonTilesetII_v1.3_27.asset using Guid(12827ac1d122eb742bc7986cb6f58bc6) Importer(815301076,1909f56bfc062723c751e8b465ee728b)  -> (artifact id: 'cbdd59bf92a2a8800577c06280ec40e7') in 0.004462 seconds 
========================================================================
Received Import Request.
  Time since last request: 0.000102 seconds.
  path: Assets/Art/Tiles/0x72_DungeonTilesetII_v1.3_26.asset
  artifactKey: Guid(eb5bb2cfb37e9dd4f9f04731e3599caa) Importer(815301076,1909f56bfc062723c751e8b465ee728b)
Start importing Assets/Art/Tiles/0x72_DungeonTilesetII_v1.3_26.asset using Guid(eb5bb2cfb37e9dd4f9f04731e3599caa) Importer(815301076,1909f56bfc062723c751e8b465ee728b)  -> (artifact id: '6ccee4cd01ca77255d38954a1e8b0026') in 0.003532 seconds 
========================================================================
Received Import Request.
  Time since last request: 0.000109 seconds.
  path: Assets/Art/Tiles/0x72_DungeonTilesetII_v1.3_43.asset
  artifactKey: Guid(526d8c68b6b020540ababd05e632e797) Importer(815301076,1909f56bfc062723c751e8b465ee728b)
Start importing Assets/Art/Tiles/0x72_DungeonTilesetII_v1.3_43.asset using Guid(526d8c68b6b020540ababd05e632e797) Importer(815301076,1909f56bfc062723c751e8b465ee728b)  -> (artifact id: 'f1244ea88ebe04bfd42566dba1d4c840') in 0.003635 seconds 
========================================================================
Received Import Request.
  Time since last request: 0.000116 seconds.
  path: Assets/Art/Tiles/0x72_DungeonTilesetII_v1.3_4.asset
  artifactKey: Guid(cfecb45c8f3b8ca4ba0f1e88e29deae7) Importer(815301076,1909f56bfc062723c751e8b465ee728b)
Start importing Assets/Art/Tiles/0x72_DungeonTilesetII_v1.3_4.asset using Guid(cfecb45c8f3b8ca4ba0f1e88e29deae7) Importer(815301076,1909f56bfc062723c751e8b465ee728b)  -> (artifact id: '98ac61b0e60cc37d296617b62c02be50') in 0.003642 seconds 
========================================================================
Received Import Request.
  Time since last request: 0.000112 seconds.
  path: Assets/Art/Tiles/0x72_DungeonTilesetII_v1.3_29.asset
  artifactKey: Guid(5683860e33368eb4d813c5e7f13f4654) Importer(815301076,1909f56bfc062723c751e8b465ee728b)
Start importing Assets/Art/Tiles/0x72_DungeonTilesetII_v1.3_29.asset using Guid(5683860e33368eb4d813c5e7f13f4654) Importer(815301076,1909f56bfc062723c751e8b465ee728b)  -> (artifact id: 'e9cbd5491e490334f0780c1926470d42') in 0.003528 seconds 
========================================================================
Received Import Request.
  Time since last request: 0.000126 seconds.
  path: Assets/Art/Tiles/0x72_DungeonTilesetII_v1.3_32.asset
  artifactKey: Guid(3bbd33cb04abbe74b8991f40184f3474) Importer(815301076,1909f56bfc062723c751e8b465ee728b)
Start importing Assets/Art/Tiles/0x72_DungeonTilesetII_v1.3_32.asset using Guid(3bbd33cb04abbe74b8991f40184f3474) Importer(815301076,1909f56bfc062723c751e8b465ee728b)  -> (artifact id: 'c10a155b07cf6d346a92fa1dbf824bbd') in 0.004171 seconds 
========================================================================
Received Import Request.
  Time since last request: 0.000162 seconds.
  path: Assets/Art/Tiles/0x72_DungeonTilesetII_v1.3_35.asset
  artifactKey: Guid(3ee44b5bcf0ff8949bcf8cb6c4d97238) Importer(815301076,1909f56bfc062723c751e8b465ee728b)
Start importing Assets/Art/Tiles/0x72_DungeonTilesetII_v1.3_35.asset using Guid(3ee44b5bcf0ff8949bcf8cb6c4d97238) Importer(815301076,1909f56bfc062723c751e8b465ee728b)  -> (artifact id: 'a647b6556c2abaa855e6153ec04f4cfb') in 0.004246 seconds 
========================================================================
Received Import Request.
  Time since last request: 0.000183 seconds.
  path: Assets/Art/Tiles/0x72_DungeonTilesetII_v1.3_33.asset
  artifactKey: Guid(217d1dc90b76534418abb34464d05eea) Importer(815301076,1909f56bfc062723c751e8b465ee728b)
Start importing Assets/Art/Tiles/0x72_DungeonTilesetII_v1.3_33.asset using Guid(217d1dc90b76534418abb34464d05eea) Importer(815301076,1909f56bfc062723c751e8b465ee728b)  -> (artifact id: '6ed06ea41ea1c4042f3e6224b218a213') in 0.003680 seconds 
========================================================================
Received Import Request.
  Time since last request: 0.000118 seconds.
  path: Assets/Art/Tiles/0x72_DungeonTilesetII_v1.3_47.asset
  artifactKey: Guid(15831d2840ee7534ea2fa8a6facdf9b8) Importer(815301076,1909f56bfc062723c751e8b465ee728b)
Start importing Assets/Art/Tiles/0x72_DungeonTilesetII_v1.3_47.asset using Guid(15831d2840ee7534ea2fa8a6facdf9b8) Importer(815301076,1909f56bfc062723c751e8b465ee728b)  -> (artifact id: '0d0a365f754ec1df08fa5faf1ae809af') in 0.003738 seconds 
========================================================================
Received Import Request.
  Time since last request: 0.000121 seconds.
  path: Assets/Art/Tiles/0x72_DungeonTilesetII_v1.3_34.asset
  artifactKey: Guid(68cba23d114d8dc46b38a2ff1f8e1832) Importer(815301076,1909f56bfc062723c751e8b465ee728b)
Start importing Assets/Art/Tiles/0x72_DungeonTilesetII_v1.3_34.asset using Guid(68cba23d114d8dc46b38a2ff1f8e1832) Importer(815301076,1909f56bfc062723c751e8b465ee728b)  -> (artifact id: '53631cb6765d91b519821d953ff592b7') in 0.003817 seconds 
========================================================================
Received Import Request.
  Time since last request: 0.000113 seconds.
  path: Assets/Art/Tiles/0x72_DungeonTilesetII_v1.3_24.asset
  artifactKey: Guid(03642cea4851d824f94d5507b6a3b127) Importer(815301076,1909f56bfc062723c751e8b465ee728b)
Start importing Assets/Art/Tiles/0x72_DungeonTilesetII_v1.3_24.asset using Guid(03642cea4851d824f94d5507b6a3b127) Importer(815301076,1909f56bfc062723c751e8b465ee728b)  -> (artifact id: '0797e2be6be6ed924d75816d0e71ce27') in 0.003459 seconds 
========================================================================
Received Import Request.
  Time since last request: 0.000122 seconds.
  path: Assets/Art/Tiles/0x72_DungeonTilesetII_v1.3_7.asset
  artifactKey: Guid(fa147e5bf18fac146a07667876ff5e84) Importer(815301076,1909f56bfc062723c751e8b465ee728b)
Start importing Assets/Art/Tiles/0x72_DungeonTilesetII_v1.3_7.asset using Guid(fa147e5bf18fac146a07667876ff5e84) Importer(815301076,1909f56bfc062723c751e8b465ee728b)  -> (artifact id: 'b8a34d66eb6823c2a29e6b72f089cd27') in 0.003575 seconds 
========================================================================
Received Import Request.
  Time since last request: 0.000124 seconds.
  path: Assets/Art/Tiles/0x72_DungeonTilesetII_v1.3_12.asset
  artifactKey: Guid(6502e3e4ac5c5a749860749f6b43475d) Importer(815301076,1909f56bfc062723c751e8b465ee728b)
Start importing Assets/Art/Tiles/0x72_DungeonTilesetII_v1.3_12.asset using Guid(6502e3e4ac5c5a749860749f6b43475d) Importer(815301076,1909f56bfc062723c751e8b465ee728b)  -> (artifact id: '2924d416b98c2feb16d6d306a57369c4') in 0.003579 seconds 
========================================================================
Received Import Request.
  Time since last request: 0.000125 seconds.
  path: Assets/Art/Tiles/0x72_DungeonTilesetII_v1.3_6.asset
  artifactKey: Guid(e854fe8a89388e848a8a3c7ea7dc70b9) Importer(815301076,1909f56bfc062723c751e8b465ee728b)
Start importing Assets/Art/Tiles/0x72_DungeonTilesetII_v1.3_6.asset using Guid(e854fe8a89388e848a8a3c7ea7dc70b9) Importer(815301076,1909f56bfc062723c751e8b465ee728b)  -> (artifact id: 'ee5d0a654442f352f335320afd533b09') in 0.003733 seconds 
========================================================================
Received Import Request.
  Time since last request: 0.000097 seconds.
  path: Assets/Art/Tiles/0x72_DungeonTilesetII_v1.3_2.asset
  artifactKey: Guid(aedc6d9ff541a9649bd2ad48280efe9a) Importer(815301076,1909f56bfc062723c751e8b465ee728b)
Start importing Assets/Art/Tiles/0x72_DungeonTilesetII_v1.3_2.asset using Guid(aedc6d9ff541a9649bd2ad48280efe9a) Importer(815301076,1909f56bfc062723c751e8b465ee728b)  -> (artifact id: '388d5472e25fc07e94e070f64a1ad781') in 0.003591 seconds 
========================================================================
Received Import Request.
  Time since last request: 0.000090 seconds.
  path: Assets/Art/Tiles/0x72_DungeonTilesetII_v1.3_45.asset
  artifactKey: Guid(410801e95576bd343bbb12cbc383ae7d) Importer(815301076,1909f56bfc062723c751e8b465ee728b)
Start importing Assets/Art/Tiles/0x72_DungeonTilesetII_v1.3_45.asset using Guid(410801e95576bd343bbb12cbc383ae7d) Importer(815301076,1909f56bfc062723c751e8b465ee728b)  -> (artifact id: '926f70ae9108a84c2c988e29eb349fcc') in 0.003632 seconds 
========================================================================
Received Import Request.
  Time since last request: 0.000116 seconds.
  path: Assets/Art/Tiles/0x72_DungeonTilesetII_v1.3_41.asset
  artifactKey: Guid(47984db0e75832f43ba414c8cf590caa) Importer(815301076,1909f56bfc062723c751e8b465ee728b)
Start importing Assets/Art/Tiles/0x72_DungeonTilesetII_v1.3_41.asset using Guid(47984db0e75832f43ba414c8cf590caa) Importer(815301076,1909f56bfc062723c751e8b465ee728b)  -> (artifact id: '717765b4dbac20bbeb97f49fb8c4315b') in 0.003604 seconds 
========================================================================
Received Import Request.
  Time since last request: 0.000100 seconds.
  path: Assets/Art/Tiles/0x72_DungeonTilesetII_v1.3_25.asset
  artifactKey: Guid(329183eae670eb9429e68dad96581b98) Importer(815301076,1909f56bfc062723c751e8b465ee728b)
Start importing Assets/Art/Tiles/0x72_DungeonTilesetII_v1.3_25.asset using Guid(329183eae670eb9429e68dad96581b98) Importer(815301076,1909f56bfc062723c751e8b465ee728b)  -> (artifact id: '569a29bfaaf5bb2c93e7ae52b572dcac') in 0.004070 seconds 
========================================================================
Received Import Request.
  Time since last request: 6.690580 seconds.
  path: Assets/Art/Inventory/test atlas.spriteatlas
  artifactKey: Guid(0509d1bae1909a444b83cd617715d875) Importer(815301076,1909f56bfc062723c751e8b465ee728b)
Start importing Assets/Art/Inventory/test atlas.spriteatlas using Guid(0509d1bae1909a444b83cd617715d875) Importer(815301076,1909f56bfc062723c751e8b465ee728b)  -> (artifact id: '0e655dd5c6e251c1c6098c5cb34def83') in 0.015407 seconds 
========================================================================
Received Import Request.
  Time since last request: 3.244513 seconds.
  path: Assets/Art/Inventory/ScrollInv_Weapon2.png
  artifactKey: Guid(f9f38b4a3d4bbf64a957f098edcfbf31) Importer(815301076,1909f56bfc062723c751e8b465ee728b)
Start importing Assets/Art/Inventory/ScrollInv_Weapon2.png using Guid(f9f38b4a3d4bbf64a957f098edcfbf31) Importer(815301076,1909f56bfc062723c751e8b465ee728b)  -> (artifact id: 'a88523d81d12e3252efc1f4965728c41') in 0.020386 seconds 
========================================================================
Received Prepare
Registering precompiled user dll's ...
Registered in 0.001030 seconds.
Begin MonoManager ReloadAssembly
Native extension for WindowsStandalone target not found
Refreshing native plugins compatible for Editor in 0.61 ms, found 0 plugins.
Preloading 0 native plugins for Editor in 0.00 ms.
Mono: successfully reloaded assembly
- Completed reload, in  0.795 seconds
Platform modules already initialized, skipping
Shader 'Universal Render Pipeline/Particles/Lit': fallback shader 'Universal Render Pipeline/Particles/SimpleLit' not found
Refreshing native plugins compatible for Editor in 0.63 ms, found 0 plugins.
Preloading 0 native plugins for Editor in 0.00 ms.
Unloading 2973 Unused Serialized files (Serialized files now loaded: 0)
System memory in use before: 145.1 MB.
System memory in use after: 145.3 MB.

Unloading 6 unused Assets to reduce memory usage. Loaded Objects now: 3635.
Total: 2.349400 ms (FindLiveObjects: 0.253400 ms CreateObjectMapping: 0.079200 ms MarkObjects: 2.005100 ms  DeleteObjects: 0.011000 ms)

========================================================================
Received Prepare
Registering precompiled user dll's ...
Registered in 0.001177 seconds.
Begin MonoManager ReloadAssembly
Native extension for WindowsStandalone target not found
Refreshing native plugins compatible for Editor in 0.60 ms, found 0 plugins.
Preloading 0 native plugins for Editor in 0.00 ms.
Mono: successfully reloaded assembly
- Completed reload, in  0.774 seconds
Platform modules already initialized, skipping
Shader 'Universal Render Pipeline/Particles/Lit': fallback shader 'Universal Render Pipeline/Particles/SimpleLit' not found
Refreshing native plugins compatible for Editor in 0.63 ms, found 0 plugins.
Preloading 0 native plugins for Editor in 0.00 ms.
Unloading 2972 Unused Serialized files (Serialized files now loaded: 0)
System memory in use before: 145.1 MB.
System memory in use after: 145.3 MB.

Unloading 6 unused Assets to reduce memory usage. Loaded Objects now: 3638.
Total: 2.378600 ms (FindLiveObjects: 0.261400 ms CreateObjectMapping: 0.070200 ms MarkObjects: 2.034600 ms  DeleteObjects: 0.011600 ms)

========================================================================
Received Import Request.
  Time since last request: 251.467912 seconds.
  path: Assets/Art/0x72_DungeonTilesetII_v1.3.1/0x72_DungeonTilesetII_v1.3.png
  artifactKey: Guid(d27c9909a5b3fd9499a279acc8f25a05) Importer(815301076,1909f56bfc062723c751e8b465ee728b)
Start importing Assets/Art/0x72_DungeonTilesetII_v1.3.1/0x72_DungeonTilesetII_v1.3.png using Guid(d27c9909a5b3fd9499a279acc8f25a05) Importer(815301076,1909f56bfc062723c751e8b465ee728b)  -> (artifact id: '008ac138d81a9969132a6fb080fb19d3') in 0.424391 seconds 
========================================================================
Received Prepare
Registering precompiled user dll's ...
Registered in 0.001188 seconds.
Begin MonoManager ReloadAssembly
Native extension for WindowsStandalone target not found
Refreshing native plugins compatible for Editor in 0.60 ms, found 0 plugins.
Preloading 0 native plugins for Editor in 0.00 ms.
Mono: successfully reloaded assembly
- Completed reload, in  0.779 seconds
Platform modules already initialized, skipping
Shader 'Universal Render Pipeline/Particles/Lit': fallback shader 'Universal Render Pipeline/Particles/SimpleLit' not found
Refreshing native plugins compatible for Editor in 0.61 ms, found 0 plugins.
Preloading 0 native plugins for Editor in 0.00 ms.
Unloading 2972 Unused Serialized files (Serialized files now loaded: 0)
System memory in use before: 146.1 MB.
System memory in use after: 146.3 MB.

Unloading 7 unused Assets to reduce memory usage. Loaded Objects now: 3656.
Total: 2.587700 ms (FindLiveObjects: 0.274800 ms CreateObjectMapping: 0.084700 ms MarkObjects: 2.215200 ms  DeleteObjects: 0.012100 ms)

AssetImportWorkerClient::OnTransportError - code=2 error=End of file
