Using pre-set license
Built from '2021.1/release' branch; Version is '2021.1.4f1 (4cd64a618c1b) revision 5035594'; Using compiler version '192528614'; Build Type 'Release'
OS: 'Windows 10 Pro; OS build 19041.928; Version 2004; 64bit' Language: 'it' Physical Memory: 65482 MB
BatchMode: 1, IsHumanControllingUs: 0, StartBugReporterOnCrash: 0, Is64bit: 1, IsPro: 0

 COMMAND LINE ARGUMENTS:
C:\Program Files\Unity\2021.1.4f1\Editor\Unity.exe
-adb2
-batchMode
-noUpm
-name
AssetImportWorker0
-projectPath
C:/Users/Pierdamiano/Documents/GitHub/psidd-blinders/The Core Destroyer
-logFile
Logs/AssetImportWorker0.log
-srvPort
55341
Successfully changed project path to: C:/Users/Pierdamiano/Documents/GitHub/psidd-blinders/The Core Destroyer
C:/Users/Pierdamiano/Documents/GitHub/psidd-blinders/The Core Destroyer
Using Asset Import Pipeline V2.
Refreshing native plugins compatible for Editor in 41.64 ms, found 0 plugins.
Preloading 0 native plugins for Editor in 0.00 ms.
Initialize engine version: 2021.1.4f1 (4cd64a618c1b)
[Subsystems] Discovering subsystems at path C:/Program Files/Unity/2021.1.4f1/Editor/Data/Resources/UnitySubsystems
[Subsystems] Discovering subsystems at path C:/Users/Pierdamiano/Documents/GitHub/psidd-blinders/The Core Destroyer/Assets
GfxDevice: creating device client; threaded=0; jobified=0
Direct3D:
    Version:  Direct3D 11.0 [level 11.1]
    Renderer: AMD Radeon VII (ID=0x66af)
    Vendor:   ATI
    VRAM:     16311 MB
    Driver:   27.20.14533.1000
Shader 'Universal Render Pipeline/Particles/Lit': fallback shader 'Universal Render Pipeline/Particles/SimpleLit' not found
Initialize mono
Mono path[0] = 'C:/Program Files/Unity/2021.1.4f1/Editor/Data/Managed'
Mono path[1] = 'C:/Program Files/Unity/2021.1.4f1/Editor/Data/MonoBleedingEdge/lib/mono/unityjit'
Mono config path = 'C:/Program Files/Unity/2021.1.4f1/Editor/Data/MonoBleedingEdge/etc'
Using monoOptions --debugger-agent=transport=dt_socket,embedding=1,server=y,suspend=n,address=127.0.0.1:56644
Begin MonoManager ReloadAssembly
Registering precompiled unity dll's ...
Register platform support module: C:/Program Files/Unity/2021.1.4f1/Editor/Data/PlaybackEngines/WindowsStandaloneSupport/UnityEditor.WindowsStandalone.Extensions.dll
Registered in 0.001455 seconds.
Native extension for WindowsStandalone target not found
Refreshing native plugins compatible for Editor in 45.06 ms, found 0 plugins.
Preloading 0 native plugins for Editor in 0.00 ms.
Mono: successfully reloaded assembly
- Completed reload, in  0.877 seconds
Platform modules already initialized, skipping
Registering precompiled user dll's ...
Registered in 0.000549 seconds.
Begin MonoManager ReloadAssembly
Native extension for WindowsStandalone target not found
Refreshing native plugins compatible for Editor in 45.08 ms, found 0 plugins.
Preloading 0 native plugins for Editor in 0.00 ms.
Mono: successfully reloaded assembly
- Completed reload, in  0.814 seconds
Platform modules already initialized, skipping
========================================================================
Worker process is ready to serve import requests
Shader 'Universal Render Pipeline/Particles/Lit': fallback shader 'Universal Render Pipeline/Particles/SimpleLit' not found
Launched and connected shader compiler UnityShaderCompiler.exe after 0.04 seconds
Refreshing native plugins compatible for Editor in 0.49 ms, found 0 plugins.
Preloading 0 native plugins for Editor in 0.00 ms.
Unloading 2894 Unused Serialized files (Serialized files now loaded: 0)
System memory in use before: 139.6 MB.
System memory in use after: 139.8 MB.

Unloading 10 unused Assets to reduce memory usage. Loaded Objects now: 3353.
Total: 2.307900 ms (FindLiveObjects: 0.237100 ms CreateObjectMapping: 0.070700 ms MarkObjects: 1.941600 ms  DeleteObjects: 0.057600 ms)

========================================================================
Received Import Request.
  path: Assets/Art/Testing Sprites/Player
  artifactKey: Guid(88d7d1867896ad543944379f7658e91d) Importer(815301076,1909f56bfc062723c751e8b465ee728b)
Start importing Assets/Art/Testing Sprites/Player using Guid(88d7d1867896ad543944379f7658e91d) Importer(815301076,1909f56bfc062723c751e8b465ee728b)  -> (artifact id: '8d9e81811e1f068b11dd199a0323d6b7') in 0.004429 seconds 
========================================================================
Received Import Request.
  Time since last request: 0.000168 seconds.
  path: Assets/Core
  artifactKey: Guid(3623d162149f060458d598e1fafd636b) Importer(815301076,1909f56bfc062723c751e8b465ee728b)
Start importing Assets/Core using Guid(3623d162149f060458d598e1fafd636b) Importer(815301076,1909f56bfc062723c751e8b465ee728b)  -> (artifact id: 'ca6ac728d59177805555c7ee75608f4a') in 0.001287 seconds 
========================================================================
Received Import Request.
  Time since last request: 1.845548 seconds.
  path: Assets/Core/Input Action Assets/PlayerInput/PlayerInput.inputactions
  artifactKey: Guid(d4d9dfe7479dadc42a91822b4edaf560) Importer(815301076,1909f56bfc062723c751e8b465ee728b)
Start importing Assets/Core/Input Action Assets/PlayerInput/PlayerInput.inputactions using Guid(d4d9dfe7479dadc42a91822b4edaf560) Importer(815301076,1909f56bfc062723c751e8b465ee728b)  -> (artifact id: '9c1c848e67ac24bdf18adef11c3e54f8') in 0.029040 seconds 
========================================================================
Received Import Request.
  Time since last request: 2.089593 seconds.
  path: Assets/Core/Input Action Assets/Inventory/InputInventoryUI.inputactions
  artifactKey: Guid(cd859c44792432a42b6bc5c543e48823) Importer(815301076,1909f56bfc062723c751e8b465ee728b)
Start importing Assets/Core/Input Action Assets/Inventory/InputInventoryUI.inputactions using Guid(cd859c44792432a42b6bc5c543e48823) Importer(815301076,1909f56bfc062723c751e8b465ee728b)  -> (artifact id: 'baaeb51a6b27d751810d0a15948623e0') in 0.002126 seconds 
========================================================================
Received Import Request.
  Time since last request: 12.850045 seconds.
  path: Assets/Resources/Database.asset
  artifactKey: Guid(cb32bf8781d17184db6da77ae2908f53) Importer(815301076,1909f56bfc062723c751e8b465ee728b)
Start importing Assets/Resources/Database.asset using Guid(cb32bf8781d17184db6da77ae2908f53) Importer(815301076,1909f56bfc062723c751e8b465ee728b)  -> (artifact id: 'ad86a66a6c0f17dd7d244983fea54b87') in 0.005588 seconds 
========================================================================
Received Import Request.
  Time since last request: 4.823765 seconds.
  path: Assets/Scenes/Inventory Testing.unity
  artifactKey: Guid(5ab049e91a931954785aeb9089e6bddb) Importer(815301076,1909f56bfc062723c751e8b465ee728b)
Start importing Assets/Scenes/Inventory Testing.unity using Guid(5ab049e91a931954785aeb9089e6bddb) Importer(815301076,1909f56bfc062723c751e8b465ee728b)  -> (artifact id: 'b8a186c63894c3c1eacae306af15114c') in 0.001682 seconds 
========================================================================
Received Import Request.
  Time since last request: 0.666817 seconds.
  path: Assets/Scenes/Inventory TestingSettings.lighting
  artifactKey: Guid(2ee15273ca1b20045b3135171ddd84a9) Importer(815301076,1909f56bfc062723c751e8b465ee728b)
Start importing Assets/Scenes/Inventory TestingSettings.lighting using Guid(2ee15273ca1b20045b3135171ddd84a9) Importer(815301076,1909f56bfc062723c751e8b465ee728b)  -> (artifact id: '7d41730dfa19117baf40bc197189fc16') in 0.002912 seconds 
========================================================================
Received Import Request.
  Time since last request: 1.071953 seconds.
  path: Assets/Scenes/SampleScene.unity
  artifactKey: Guid(2cda990e2423bbf4892e6590ba056729) Importer(815301076,1909f56bfc062723c751e8b465ee728b)
Start importing Assets/Scenes/SampleScene.unity using Guid(2cda990e2423bbf4892e6590ba056729) Importer(815301076,1909f56bfc062723c751e8b465ee728b)  -> (artifact id: '1718a34db2c53a8806098775d333f1a8') in 0.001658 seconds 
========================================================================
Received Import Request.
  Time since last request: 4.134222 seconds.
  path: Assets/Scripts/ControlsInput/ControlsInput.cs
  artifactKey: Guid(3a450abd31bc0784194940d21d476cf0) Importer(815301076,1909f56bfc062723c751e8b465ee728b)
Start importing Assets/Scripts/ControlsInput/ControlsInput.cs using Guid(3a450abd31bc0784194940d21d476cf0) Importer(815301076,1909f56bfc062723c751e8b465ee728b)  -> (artifact id: '9174498a726e08ffb639d73a1e732e1c') in 0.006896 seconds 
========================================================================
Received Import Request.
  Time since last request: 6.279419 seconds.
  path: Assets/Scripts/InventorySystem/ScriptableObjects/Inventory/InventoryObject.cs
  artifactKey: Guid(a352a8a834266014b8546ec8e502db75) Importer(815301076,1909f56bfc062723c751e8b465ee728b)
Start importing Assets/Scripts/InventorySystem/ScriptableObjects/Inventory/InventoryObject.cs using Guid(a352a8a834266014b8546ec8e502db75) Importer(815301076,1909f56bfc062723c751e8b465ee728b)  -> (artifact id: 'e79f3effed05b3d31bd90dc344962f1b') in 0.001670 seconds 
========================================================================
Received Import Request.
  Time since last request: 4.799756 seconds.
  path: Assets/Scripts/InventorySystem/ScriptableObjects/Items/DefaultObject.cs
  artifactKey: Guid(400614b207e9a9b4ab537bc63c1259c9) Importer(815301076,1909f56bfc062723c751e8b465ee728b)
Start importing Assets/Scripts/InventorySystem/ScriptableObjects/Items/DefaultObject.cs using Guid(400614b207e9a9b4ab537bc63c1259c9) Importer(815301076,1909f56bfc062723c751e8b465ee728b)  -> (artifact id: 'c80bd450f6dca00a638e088598c10edf') in 0.001343 seconds 
========================================================================
Received Import Request.
  Time since last request: 0.694359 seconds.
  path: Assets/Scripts/InventorySystem/ScriptableObjects/Items/EquipmentObject.cs
  artifactKey: Guid(8c93023becbcf1e45a22c7ed8888ef25) Importer(815301076,1909f56bfc062723c751e8b465ee728b)
Start importing Assets/Scripts/InventorySystem/ScriptableObjects/Items/EquipmentObject.cs using Guid(8c93023becbcf1e45a22c7ed8888ef25) Importer(815301076,1909f56bfc062723c751e8b465ee728b)  -> (artifact id: '9764ab41dddda9368f8495f6da1c6051') in 0.001309 seconds 
========================================================================
Received Import Request.
  Time since last request: 0.775771 seconds.
  path: Assets/Scripts/InventorySystem/ScriptableObjects/Items/ItemDatabaseObject.cs
  artifactKey: Guid(c68778fce2b7a9f4594b46305d6ccfb8) Importer(815301076,1909f56bfc062723c751e8b465ee728b)
Start importing Assets/Scripts/InventorySystem/ScriptableObjects/Items/ItemDatabaseObject.cs using Guid(c68778fce2b7a9f4594b46305d6ccfb8) Importer(815301076,1909f56bfc062723c751e8b465ee728b)  -> (artifact id: '023d7cb3d56638350cdcc28289b57eeb') in 0.001351 seconds 
========================================================================
Received Import Request.
  Time since last request: 2.034457 seconds.
  path: Assets/Scripts/InventorySystem/Attribute.cs
  artifactKey: Guid(1fdfc6f3d83522f4994f4308f75bc5e8) Importer(815301076,1909f56bfc062723c751e8b465ee728b)
Start importing Assets/Scripts/InventorySystem/Attribute.cs using Guid(1fdfc6f3d83522f4994f4308f75bc5e8) Importer(815301076,1909f56bfc062723c751e8b465ee728b)  -> (artifact id: '32a89d16c2e1f3119af45110698da1a4') in 0.001264 seconds 
========================================================================
Received Import Request.
  Time since last request: 1.179437 seconds.
  path: Assets/Scripts/InventorySystem/DynamicInterface.cs
  artifactKey: Guid(503d178738e07864b85665183f43cbc2) Importer(815301076,1909f56bfc062723c751e8b465ee728b)
Start importing Assets/Scripts/InventorySystem/DynamicInterface.cs using Guid(503d178738e07864b85665183f43cbc2) Importer(815301076,1909f56bfc062723c751e8b465ee728b)  -> (artifact id: '59e9479babfdd8a4f1d3d3243097625d') in 0.001484 seconds 
========================================================================
Received Import Request.
  Time since last request: 3.425492 seconds.
  path: Assets/Scripts/InventorySystem/GroundItem.cs
  artifactKey: Guid(af78326c871e5f74491ebb763d72ede8) Importer(815301076,1909f56bfc062723c751e8b465ee728b)
Start importing Assets/Scripts/InventorySystem/GroundItem.cs using Guid(af78326c871e5f74491ebb763d72ede8) Importer(815301076,1909f56bfc062723c751e8b465ee728b)  -> (artifact id: '417d38eef499ee5e181dc8c9d2c37d8e') in 0.001299 seconds 
========================================================================
Received Import Request.
  Time since last request: 1.445091 seconds.
  path: Assets/Scripts/InventorySystem/IModifiers.cs
  artifactKey: Guid(1ed32ae2140ac344e90506569b3309e3) Importer(815301076,1909f56bfc062723c751e8b465ee728b)
Start importing Assets/Scripts/InventorySystem/IModifiers.cs using Guid(1ed32ae2140ac344e90506569b3309e3) Importer(815301076,1909f56bfc062723c751e8b465ee728b)  -> (artifact id: '3b71720d99f448c890b2fdce6ea81a0f') in 0.001399 seconds 
========================================================================
Received Import Request.
  Time since last request: 0.570055 seconds.
  path: Assets/Scripts/InventorySystem/InputInventoryUI.cs
  artifactKey: Guid(9b81f7f74ee203c4b94a2aa1665afd66) Importer(815301076,1909f56bfc062723c751e8b465ee728b)
Start importing Assets/Scripts/InventorySystem/InputInventoryUI.cs using Guid(9b81f7f74ee203c4b94a2aa1665afd66) Importer(815301076,1909f56bfc062723c751e8b465ee728b)  -> (artifact id: '1f375be5edf81dfc06b9bf1493e8a7f6') in 0.001325 seconds 
========================================================================
Received Import Request.
  Time since last request: 0.927894 seconds.
  path: Assets/Scripts/InventorySystem/ModifiableInt.cs
  artifactKey: Guid(e0fc2d0cd2160904b865f3d772830fda) Importer(815301076,1909f56bfc062723c751e8b465ee728b)
Start importing Assets/Scripts/InventorySystem/ModifiableInt.cs using Guid(e0fc2d0cd2160904b865f3d772830fda) Importer(815301076,1909f56bfc062723c751e8b465ee728b)  -> (artifact id: '3dc4375259b75ea31076f169f81f0d55') in 0.001339 seconds 
========================================================================
Received Import Request.
  Time since last request: 10.413929 seconds.
  path: Assets/Scripts/InventorySystem/PlayerStats.cs
  artifactKey: Guid(551c3abbae4564e409ab2739db7915ee) Importer(815301076,1909f56bfc062723c751e8b465ee728b)
Start importing Assets/Scripts/InventorySystem/PlayerStats.cs using Guid(551c3abbae4564e409ab2739db7915ee) Importer(815301076,1909f56bfc062723c751e8b465ee728b)  -> (artifact id: 'b143dc2db3e1819f24c77b5449333abb') in 0.001340 seconds 
========================================================================
Received Import Request.
  Time since last request: 7.944488 seconds.
  path: Assets/Scripts/InventorySystem/StaticInterface.cs
  artifactKey: Guid(1cfad734c824a7447bd30de4c9411298) Importer(815301076,1909f56bfc062723c751e8b465ee728b)
Start importing Assets/Scripts/InventorySystem/StaticInterface.cs using Guid(1cfad734c824a7447bd30de4c9411298) Importer(815301076,1909f56bfc062723c751e8b465ee728b)  -> (artifact id: '6b2af9cc99b3959071ccda9bb3ce584d') in 0.001315 seconds 
========================================================================
Received Import Request.
  Time since last request: 4.659232 seconds.
  path: Assets/Scripts/PlayerMovement/PlayerInput.cs
  artifactKey: Guid(e03bd46d0b2a5854699d3ab2add93985) Importer(815301076,1909f56bfc062723c751e8b465ee728b)
Start importing Assets/Scripts/PlayerMovement/PlayerInput.cs using Guid(e03bd46d0b2a5854699d3ab2add93985) Importer(815301076,1909f56bfc062723c751e8b465ee728b)  -> (artifact id: 'e5faa8fda5eaf04a1eec00e4f3b8a9fc') in 0.001282 seconds 
========================================================================
Received Import Request.
  Time since last request: 2.279349 seconds.
  path: Assets/Scripts/PlayerMovement/PlayerMovement.cs
  artifactKey: Guid(5c5b743400ee5674b8da2217e55e5541) Importer(815301076,1909f56bfc062723c751e8b465ee728b)
Start importing Assets/Scripts/PlayerMovement/PlayerMovement.cs using Guid(5c5b743400ee5674b8da2217e55e5541) Importer(815301076,1909f56bfc062723c751e8b465ee728b)  -> (artifact id: 'cbe53905c75056c12f5daf60472b6ba2') in 0.001304 seconds 
========================================================================
Received Prepare
Registering precompiled user dll's ...
Registered in 0.000699 seconds.
Begin MonoManager ReloadAssembly
Native extension for WindowsStandalone target not found
Refreshing native plugins compatible for Editor in 0.73 ms, found 0 plugins.
Preloading 0 native plugins for Editor in 0.00 ms.
Mono: successfully reloaded assembly
- Completed reload, in  0.741 seconds
Platform modules already initialized, skipping
Shader 'Universal Render Pipeline/Particles/Lit': fallback shader 'Universal Render Pipeline/Particles/SimpleLit' not found
Refreshing native plugins compatible for Editor in 0.45 ms, found 0 plugins.
Preloading 0 native plugins for Editor in 0.00 ms.
Unloading 2743 Unused Serialized files (Serialized files now loaded: 0)
System memory in use before: 128.6 MB.
System memory in use after: 128.8 MB.

Unloading 4 unused Assets to reduce memory usage. Loaded Objects now: 3355.
Total: 2.075200 ms (FindLiveObjects: 0.240500 ms CreateObjectMapping: 0.070600 ms MarkObjects: 1.754100 ms  DeleteObjects: 0.009100 ms)

========================================================================
Received Import Request.
  Time since last request: 128.449782 seconds.
  path: Assets/Scripts/PlayerMovement/PlayerMovement.cs
  artifactKey: Guid(5c5b743400ee5674b8da2217e55e5541) Importer(815301076,1909f56bfc062723c751e8b465ee728b)
Start importing Assets/Scripts/PlayerMovement/PlayerMovement.cs using Guid(5c5b743400ee5674b8da2217e55e5541) Importer(815301076,1909f56bfc062723c751e8b465ee728b)  -> (artifact id: 'a2a25562067994718a5235d6e97b550b') in 0.004282 seconds 
AssetImportWorkerClient::OnTransportError - code=2 error=End of file
